# JRE version: Java(TM) SE Runtime Environment (8.0_191-b12) (build 1.8.0_191-b12)
# Java VM: Java HotSpot(TM) 64-Bit Server VM (25.191-b12 mixed mode linux-amd64 compressed oops)
Heap:
 PSYoungGen      total 465920K, used 0K [0x00000000d5580000, 0x0000000100000000, 0x0000000100000000)
  eden space 232960K, 0% used [0x00000000d5580000,0x00000000d5580000,0x00000000e3900000)
  from space 232960K, 0% used [0x00000000f1c80000,0x00000000f1c80000,0x0000000100000000)
  to   space 232960K, 0% used [0x00000000e3900000,0x00000000e3900000,0x00000000f1c80000)
 ParOldGen       total 1325568K, used 946413K [0x0000000080000000, 0x00000000d0e80000, 0x00000000d5580000)
  object space 1325568K, 71% used [0x0000000080000000,0x00000000b9c3b7c0,0x00000000d0e80000)
 Metaspace       used 69669K, capacity 70454K, committed 70784K, reserved 1110016K
  class space    used 9545K, capacity 9736K, committed 9856K, reserved 1048576K
GC Heap History (10 events):
Event: 469.175 GC heap after
Heap after GC invocations=56 (full 12):
 PSYoungGen      total 474624K, used 9841K [0x00000000d5580000, 0x0000000100000000, 0x0000000100000000)
  eden space 263168K, 0% used [0x00000000d5580000,0x00000000d5580000,0x00000000e5680000)
  from space 211456K, 4% used [0x00000000f2a80000,0x00000000f341c5d8,0x00000000ff900000)
  to   space 217088K, 0% used [0x00000000e5680000,0x00000000e5680000,0x00000000f2a80000)
 ParOldGen       total 1325568K, used 915260K [0x0000000080000000, 0x00000000d0e80000, 0x00000000d5580000)
  object space 1325568K, 69% used [0x0000000080000000,0x00000000b7dcf258,0x00000000d0e80000)
 Metaspace       used 69659K, capacity 70454K, committed 70784K, reserved 1110016K
  class space    used 9545K, capacity 9736K, committed 9856K, reserved 1048576K
}
Event: 470.578 GC heap before
{Heap before GC invocations=57 (full 12):
 PSYoungGen      total 474624K, used 244787K [0x00000000d5580000, 0x0000000100000000, 0x0000000100000000)
  eden space 263168K, 89% used [0x00000000d5580000,0x00000000e3af0710,0x00000000e5680000)
  from space 211456K, 4% used [0x00000000f2a80000,0x00000000f341c5d8,0x00000000ff900000)
  to   space 217088K, 0% used [0x00000000e5680000,0x00000000e5680000,0x00000000f2a80000)
 ParOldGen       total 1325568K, used 915260K [0x0000000080000000, 0x00000000d0e80000, 0x00000000d5580000)
  object space 1325568K, 69% used [0x0000000080000000,0x00000000b7dcf258,0x00000000d0e80000)
 Metaspace       used 69659K, capacity 70454K, committed 70784K, reserved 1110016K
  class space    used 9545K, capacity 9736K, committed 9856K, reserved 1048576K
Event: 470.626 GC heap after
Heap after GC invocations=57 (full 12):
 PSYoungGen      total 480256K, used 118080K [0x00000000d5580000, 0x00000000ffd80000, 0x0000000100000000)
  eden space 263168K, 0% used [0x00000000d5580000,0x00000000d5580000,0x00000000e5680000)
  from space 217088K, 54% used [0x00000000e5680000,0x00000000ec9d0050,0x00000000f2a80000)
  to   space 212992K, 0% used [0x00000000f2d80000,0x00000000f2d80000,0x00000000ffd80000)
 ParOldGen       total 1325568K, used 915821K [0x0000000080000000, 0x00000000d0e80000, 0x00000000d5580000)
  object space 1325568K, 69% used [0x0000000080000000,0x00000000b7e5b7f0,0x00000000d0e80000)
 Metaspace       used 69659K, capacity 70454K, committed 70784K, reserved 1110016K
  class space    used 9545K, capacity 9736K, committed 9856K, reserved 1048576K
}
Event: 472.628 GC heap before
{Heap before GC invocations=58 (full 12):
 PSYoungGen      total 480256K, used 381248K [0x00000000d5580000, 0x00000000ffd80000, 0x0000000100000000)
  eden space 263168K, 100% used [0x00000000d5580000,0x00000000e5680000,0x00000000e5680000)
  from space 217088K, 54% used [0x00000000e5680000,0x00000000ec9d0050,0x00000000f2a80000)
  to   space 212992K, 0% used [0x00000000f2d80000,0x00000000f2d80000,0x00000000ffd80000)
 ParOldGen       total 1325568K, used 915821K [0x0000000080000000, 0x00000000d0e80000, 0x00000000d5580000)
  object space 1325568K, 69% used [0x0000000080000000,0x00000000b7e5b7f0,0x00000000d0e80000)
 Metaspace       used 69659K, capacity 70454K, committed 70784K, reserved 1110016K
  class space    used 9545K, capacity 9736K, committed 9856K, reserved 1048576K
Event: 472.684 GC heap after
Heap after GC invocations=58 (full 12):
 PSYoungGen      total 472576K, used 146304K [0x00000000d5580000, 0x0000000100000000, 0x0000000100000000)
  eden space 259584K, 0% used [0x00000000d5580000,0x00000000d5580000,0x00000000e5300000)
  from space 212992K, 68% used [0x00000000f2d80000,0x00000000fbc60040,0x00000000ffd80000)
  to   space 219648K, 0% used [0x00000000e5300000,0x00000000e5300000,0x00000000f2980000)
 ParOldGen       total 1325568K, used 915837K [0x0000000080000000, 0x00000000d0e80000, 0x00000000d5580000)
  object space 1325568K, 69% used [0x0000000080000000,0x00000000b7e5f7f0,0x00000000d0e80000)
 Metaspace       used 69659K, capacity 70454K, committed 70784K, reserved 1110016K
  class space    used 9545K, capacity 9736K, committed 9856K, reserved 1048576K
}
Event: 473.191 GC heap before
{Heap before GC invocations=59 (full 12):
 PSYoungGen      total 472576K, used 361494K [0x00000000d5580000, 0x0000000100000000, 0x0000000100000000)
  eden space 259584K, 82% used [0x00000000d5580000,0x00000000e27a59e0,0x00000000e5300000)
  from space 212992K, 68% used [0x00000000f2d80000,0x00000000fbc60040,0x00000000ffd80000)
  to   space 219648K, 0% used [0x00000000e5300000,0x00000000e5300000,0x00000000f2980000)
 ParOldGen       total 1325568K, used 915837K [0x0000000080000000, 0x00000000d0e80000, 0x00000000d5580000)
  object space 1325568K, 69% used [0x0000000080000000,0x00000000b7e5f7f0,0x00000000d0e80000)
 Metaspace       used 69659K, capacity 70454K, committed 70784K, reserved 1110016K
  class space    used 9545K, capacity 9736K, committed 9856K, reserved 1048576K
Event: 473.267 GC heap after
Heap after GC invocations=59 (full 12):
 PSYoungGen      total 439808K, used 179808K [0x00000000d5580000, 0x0000000100000000, 0x0000000100000000)
  eden space 259584K, 0% used [0x00000000d5580000,0x00000000d5580000,0x00000000e5300000)
  from space 180224K, 99% used [0x00000000e5300000,0x00000000f0298010,0x00000000f0300000)
  to   space 232960K, 0% used [0x00000000f1c80000,0x00000000f1c80000,0x0000000100000000)
 ParOldGen       total 1325568K, used 994710K [0x0000000080000000, 0x00000000d0e80000, 0x00000000d5580000)
  object space 1325568K, 75% used [0x0000000080000000,0x00000000bcb65830,0x00000000d0e80000)
 Metaspace       used 69659K, capacity 70454K, committed 70784K, reserved 1110016K
  class space    used 9545K, capacity 9736K, committed 9856K, reserved 1048576K
}
Event: 474.260 GC heap before
{Heap before GC invocations=60 (full 12):
 PSYoungGen      total 439808K, used 438540K [0x00000000d5580000, 0x0000000100000000, 0x0000000100000000)
  eden space 259584K, 99% used [0x00000000d5580000,0x00000000e522b2c0,0x00000000e5300000)
  from space 180224K, 99% used [0x00000000e5300000,0x00000000f0298010,0x00000000f0300000)
  to   space 232960K, 0% used [0x00000000f1c80000,0x00000000f1c80000,0x0000000100000000)
 ParOldGen       total 1325568K, used 994710K [0x0000000080000000, 0x00000000d0e80000, 0x00000000d5580000)
  object space 1325568K, 75% used [0x0000000080000000,0x00000000bcb65830,0x00000000d0e80000)
 Metaspace       used 69669K, capacity 70454K, committed 70784K, reserved 1110016K
  class space    used 9545K, capacity 9736K, committed 9856K, reserved 1048576K
Event: 474.533 GC heap after
Heap after GC invocations=60 (full 12):
 PSYoungGen      total 465920K, used 138848K [0x00000000d5580000, 0x0000000100000000, 0x0000000100000000)
  eden space 232960K, 0% used [0x00000000d5580000,0x00000000d5580000,0x00000000e3900000)
  from space 232960K, 59% used [0x00000000f1c80000,0x00000000fa418070,0x0000000100000000)
  to   space 232960K, 0% used [0x00000000e3900000,0x00000000e3900000,0x00000000f1c80000)
 ParOldGen       total 1325568K, used 1174462K [0x0000000080000000, 0x00000000d0e80000, 0x00000000d5580000)
  object space 1325568K, 88% used [0x0000000080000000,0x00000000c7aef840,0x00000000d0e80000)
 Metaspace       used 69669K, capacity 70454K, committed 70784K, reserved 1110016K
  class space    used 9545K, capacity 9736K, committed 9856K, reserved 1048576K
}
Event: 474.533 GC heap before
{Heap before GC invocations=61 (full 13):
 PSYoungGen      total 465920K, used 138848K [0x00000000d5580000, 0x0000000100000000, 0x0000000100000000)
  eden space 232960K, 0% used [0x00000000d5580000,0x00000000d5580000,0x00000000e3900000)
  from space 232960K, 59% used [0x00000000f1c80000,0x00000000fa418070,0x0000000100000000)
  to   space 232960K, 0% used [0x00000000e3900000,0x00000000e3900000,0x00000000f1c80000)
 ParOldGen       total 1325568K, used 1174462K [0x0000000080000000, 0x00000000d0e80000, 0x00000000d5580000)
  object space 1325568K, 88% used [0x0000000080000000,0x00000000c7aef840,0x00000000d0e80000)
 Metaspace       used 69669K, capacity 70454K, committed 70784K, reserved 1110016K
  class space    used 9545K, capacity 9736K, committed 9856K, reserved 1048576K

